<log>
 <error file="&lt;command line&gt;" line="19" col="9" msg="macro names must be identifiers" />
 <error file="c:\program files (x86)\microsoft visual studio 12.0\vc\include\type_traits" line="620" col="33" msg="&apos;_Ty&apos; does not refer to a value" />
 <error file="c:\program files (x86)\microsoft visual studio 12.0\vc\include\type_traits" line="621" col="2" msg="expected class name" />
 <error file="c:\program files (x86)\microsoft visual studio 12.0\vc\include\type_traits" line="746" col="3" msg="&apos;_Ty&apos; does not refer to a value" />
 <error file="c:\program files (x86)\microsoft visual studio 12.0\vc\include\type_traits" line="747" col="2" msg="expected class name" />
 <error file="c:\program files (x86)\microsoft visual studio 12.0\vc\include\type_traits" line="887" col="41" msg="&apos;_Ty&apos; does not refer to a value" />
 <error file="c:\program files (x86)\microsoft visual studio 12.0\vc\include\type_traits" line="888" col="2" msg="expected class name" />
 <error file="c:\program files (x86)\microsoft visual studio 12.0\vc\include\type_traits" line="951" col="3" msg="&apos;_To&apos; does not refer to a value" />
 <error file="c:\program files (x86)\microsoft visual studio 12.0\vc\include\type_traits" line="953" col="2" msg="expected class name" />
 <error file="c:\program files (x86)\microsoft visual studio 12.0\vc\include\type_traits" line="1000" col="3" msg="&apos;_Ty&apos; does not refer to a value" />
 <error file="c:\program files (x86)\microsoft visual studio 12.0\vc\include\type_traits" line="1002" col="2" msg="expected class name" />
 <error file="c:\program files (x86)\microsoft visual studio 12.0\vc\include\functional" line="233" col="11" msg="you need to include &lt;typeinfo&gt; before using the &apos;typeid&apos; operator" />
 <error file="c:\program files (x86)\microsoft visual studio 12.0\vc\include\functional" line="473" col="43" msg="you need to include &lt;typeinfo&gt; before using the &apos;typeid&apos; operator" />
 <error file="c:\program files (x86)\microsoft visual studio 12.0\vc\include\functional" line="741" col="33" msg="you need to include &lt;typeinfo&gt; before using the &apos;typeid&apos; operator" />
 <error file="c:\program files (x86)\microsoft visual studio 12.0\vc\include\functional" line="747" col="39" msg="you need to include &lt;typeinfo&gt; before using the &apos;typeid&apos; operator" />
 <error file="c:\program files (x86)\microsoft visual studio 12.0\vc\include\memory" line="184" col="31" msg="you need to include &lt;typeinfo&gt; before using the &apos;typeid&apos; operator" />
 <error file="c:\program files (x86)\microsoft visual studio 12.0\vc\include\memory" line="220" col="31" msg="you need to include &lt;typeinfo&gt; before using the &apos;typeid&apos; operator" />
 <error file="c:\program files (x86)\microsoft visual studio 12.0\vc\include\memory" line="919" col="34" msg="you need to include &lt;typeinfo&gt; before using the &apos;typeid&apos; operator" />
 <error file="C:\Users\lacti\Desktop\llvm\unittests\Option\OptionParsingTest.cpp" line="23" col="10" msg="&apos;Opts.inc&apos; file not found" />
 <error file="C:\Users\lacti\Desktop\llvm\unittests\Option\OptionParsingTest.cpp" line="29" col="10" msg="&apos;Opts.inc&apos; file not found" />
 <error file="C:\Users\lacti\Desktop\llvm\unittests\Option\OptionParsingTest.cpp" line="43" col="10" msg="&apos;Opts.inc&apos; file not found" />
 <error file="C:\Users\lacti\Desktop\llvm\unittests\Option\OptionParsingTest.cpp" line="51" col="27" msg="no matching function for call to &apos;array_lengthof&apos;" />
 <error file="C:\Users\lacti\Desktop\llvm\unittests\Option\OptionParsingTest.cpp" line="74" col="3" msg="use of undeclared identifier &apos;OPT_A&apos;" />
 <error file="C:\Users\lacti\Desktop\llvm\unittests\Option\OptionParsingTest.cpp" line="75" col="3" msg="use of undeclared identifier &apos;OPT_B&apos;" />
 <error file="C:\Users\lacti\Desktop\llvm\unittests\Option\OptionParsingTest.cpp" line="76" col="3" msg="use of undeclared identifier &apos;OPT_C&apos;" />
 <error file="C:\Users\lacti\Desktop\llvm\unittests\Option\OptionParsingTest.cpp" line="77" col="3" msg="use of undeclared identifier &apos;OPT_D&apos;" />
 <error file="C:\Users\lacti\Desktop\llvm\unittests\Option\OptionParsingTest.cpp" line="78" col="3" msg="use of undeclared identifier &apos;OPT_E&apos;" />
 <error file="C:\Users\lacti\Desktop\llvm\unittests\Option\OptionParsingTest.cpp" line="79" col="3" msg="use of undeclared identifier &apos;OPT_F&apos;" />
 <error file="C:\Users\lacti\Desktop\llvm\unittests\Option\OptionParsingTest.cpp" line="80" col="3" msg="use of undeclared identifier &apos;OPT_G&apos;" />
 <error file="C:\Users\lacti\Desktop\llvm\unittests\Option\OptionParsingTest.cpp" line="83" col="3" msg="use of undeclared identifier &apos;OPT_B&apos;" />
 <error file="C:\Users\lacti\Desktop\llvm\unittests\Option\OptionParsingTest.cpp" line="83" col="3" msg="type name requires a specifier or qualifier" />
 <error file="C:\Users\lacti\Desktop\llvm\unittests\Option\OptionParsingTest.cpp" line="83" col="3" msg="expected &apos;)&apos;" />
 <error file="C:\Users\lacti\Desktop\llvm\unittests\Option\OptionParsingTest.cpp" line="84" col="3" msg="use of undeclared identifier &apos;OPT_C&apos;" />
 <error file="C:\Users\lacti\Desktop\llvm\unittests\Option\OptionParsingTest.cpp" line="84" col="3" msg="type name requires a specifier or qualifier" />
 <error file="C:\Users\lacti\Desktop\llvm\unittests\Option\OptionParsingTest.cpp" line="84" col="3" msg="expected &apos;)&apos;" />
 <error file="C:\Users\lacti\Desktop\llvm\unittests\Option\OptionParsingTest.cpp" line="85" col="3" msg="use of undeclared identifier &apos;OPT_D&apos;" />
 <error file="C:\Users\lacti\Desktop\llvm\unittests\Option\OptionParsingTest.cpp" line="85" col="3" msg="type name requires a specifier or qualifier" />
 <error file="C:\Users\lacti\Desktop\llvm\unittests\Option\OptionParsingTest.cpp" line="85" col="3" msg="expected &apos;)&apos;" />
 <error file="C:\Users\lacti\Desktop\llvm\unittests\Option\OptionParsingTest.cpp" line="86" col="53" msg="use of undeclared identifier &apos;OPT_E&apos;" />
 <error file="C:\Users\lacti\Desktop\llvm\unittests\Option\OptionParsingTest.cpp" line="89" col="3" msg="use of undeclared identifier &apos;OPT_F&apos;" />
 <error file="C:\Users\lacti\Desktop\llvm\unittests\Option\OptionParsingTest.cpp" line="89" col="3" msg="type name requires a specifier or qualifier" />
 <error file="C:\Users\lacti\Desktop\llvm\unittests\Option\OptionParsingTest.cpp" line="89" col="3" msg="expected &apos;)&apos;" />
 <error file="C:\Users\lacti\Desktop\llvm\unittests\Option\OptionParsingTest.cpp" line="90" col="53" msg="use of undeclared identifier &apos;OPT_G&apos;" />
 <error file="C:\Users\lacti\Desktop\llvm\unittests\Option\OptionParsingTest.cpp" line="101" col="40" msg="use of undeclared identifier &apos;OPT_C&apos;" />
 <error file="C:\Users\lacti\Desktop\llvm\unittests\Option\OptionParsingTest.cpp" line="120" col="3" msg="use of undeclared identifier &apos;OPT_A&apos;" />
 <error file="C:\Users\lacti\Desktop\llvm\unittests\Option\OptionParsingTest.cpp" line="121" col="3" msg="use of undeclared identifier &apos;OPT_C&apos;" />
 <error file="C:\Users\lacti\Desktop\llvm\unittests\Option\OptionParsingTest.cpp" line="122" col="3" msg="use of undeclared identifier &apos;OPT_SLASH_C&apos;" />
 <error file="C:\Users\lacti\Desktop\llvm\unittests\Option\OptionParsingTest.cpp" line="128" col="3" msg="use of undeclared identifier &apos;OPT_B&apos;" />
 <error file="C:\Users\lacti\Desktop\llvm\unittests\Option\OptionParsingTest.cpp" line="129" col="3" msg="use of undeclared identifier &apos;OPT_C&apos;" />
 <error file="C:\Users\lacti\Desktop\llvm\unittests\Option\OptionParsingTest.cpp" line="130" col="3" msg="use of undeclared identifier &apos;OPT_SLASH_C&apos;" />
 <error file="C:\Users\lacti\Desktop\llvm\unittests\Option\OptionParsingTest.cpp" line="134" col="3" msg="use of undeclared identifier &apos;OPT_SLASH_C&apos;" />
 <error file="C:\Users\lacti\Desktop\llvm\unittests\Option\OptionParsingTest.cpp" line="135" col="3" msg="use of undeclared identifier &apos;OPT_C&apos;" />
 <error file="C:\Users\lacti\Desktop\llvm\unittests\Option\OptionParsingTest.cpp" line="136" col="3" msg="use of undeclared identifier &apos;OPT_SLASH_C&apos;" />
 <error file="C:\Users\lacti\Desktop\llvm\unittests\Option\OptionParsingTest.cpp" line="136" col="3" msg="type name requires a specifier or qualifier" />
 <error file="C:\Users\lacti\Desktop\llvm\unittests\Option\OptionParsingTest.cpp" line="136" col="3" msg="expected &apos;)&apos;" />
 <error file="C:\Users\lacti\Desktop\llvm\unittests\Option\OptionParsingTest.cpp" line="137" col="3" msg="use of undeclared identifier &apos;OPT_C&apos;" />
 <error file="C:\Users\lacti\Desktop\llvm\unittests\Option\OptionParsingTest.cpp" line="137" col="3" msg="type name requires a specifier or qualifier" />
 <error file="C:\Users\lacti\Desktop\llvm\unittests\Option\OptionParsingTest.cpp" line="137" col="3" msg="expected &apos;)&apos;" />
 <error file="C:\Users\lacti\Desktop\llvm\unittests\Option\OptionParsingTest.cpp" line="147" col="3" msg="use of undeclared identifier &apos;OPT_H&apos;" />
 <error file="C:\Users\lacti\Desktop\llvm\unittests\Option\OptionParsingTest.cpp" line="157" col="3" msg="use of undeclared identifier &apos;OPT_B&apos;" />
 <error file="C:\Users\lacti\Desktop\llvm\unittests\Option\OptionParsingTest.cpp" line="158" col="3" msg="use of undeclared identifier &apos;OPT_B&apos;" />
 <error file="C:\Users\lacti\Desktop\llvm\unittests\Option\OptionParsingTest.cpp" line="158" col="3" msg="type name requires a specifier or qualifier" />
 <error file="C:\Users\lacti\Desktop\llvm\unittests\Option\OptionParsingTest.cpp" line="158" col="3" msg="expected &apos;)&apos;" />
 <error file="C:\Users\lacti\Desktop\llvm\unittests\Option\OptionParsingTest.cpp" line="159" col="3" msg="use of undeclared identifier &apos;OPT_B&apos;" />
 <error file="C:\Users\lacti\Desktop\llvm\unittests\Option\OptionParsingTest.cpp" line="159" col="3" msg="type name requires a specifier or qualifier" />
 <error file="C:\Users\lacti\Desktop\llvm\unittests\Option\OptionParsingTest.cpp" line="159" col="3" msg="expected &apos;)&apos;" />
 <error file="C:\Users\lacti\Desktop\llvm\unittests\Option\OptionParsingTest.cpp" line="169" col="3" msg="use of undeclared identifier &apos;OPT_A&apos;" />
 <error file="C:\Users\lacti\Desktop\llvm\unittests\Option\OptionParsingTest.cpp" line="170" col="3" msg="use of undeclared identifier &apos;OPT_B&apos;" />
 <error file="C:\Users\lacti\Desktop\llvm\unittests\Option\OptionParsingTest.cpp" line="180" col="3" msg="use of undeclared identifier &apos;OPT_A&apos;" />
 <error file="C:\Users\lacti\Desktop\llvm\unittests\Option\OptionParsingTest.cpp" line="181" col="3" msg="use of undeclared identifier &apos;OPT_B&apos;" />
 <error file="C:\Users\lacti\Desktop\llvm\unittests\Option\OptionParsingTest.cpp" line="191" col="3" msg="use of undeclared identifier &apos;OPT_A&apos;" />
 <error file="C:\Users\lacti\Desktop\llvm\unittests\Option\OptionParsingTest.cpp" line="192" col="3" msg="use of undeclared identifier &apos;OPT_Slurp&apos;" />
 <error file="C:\Users\lacti\Desktop\llvm\unittests\Option\OptionParsingTest.cpp" line="193" col="3" msg="use of undeclared identifier &apos;OPT_Slurp&apos;" />
 <error file="C:\Users\lacti\Desktop\llvm\unittests\Option\OptionParsingTest.cpp" line="193" col="3" msg="type name requires a specifier or qualifier" />
 <error file="C:\Users\lacti\Desktop\llvm\unittests\Option\OptionParsingTest.cpp" line="193" col="3" msg="expected &apos;)&apos;" />
 <error file="C:\Users\lacti\Desktop\llvm\unittests\Option\OptionParsingTest.cpp" line="204" col="3" msg="use of undeclared identifier &apos;OPT_A&apos;" />
 <error file="C:\Users\lacti\Desktop\llvm\unittests\Option\OptionParsingTest.cpp" line="205" col="3" msg="use of undeclared identifier &apos;OPT_B&apos;" />
 <error file="C:\Users\lacti\Desktop\llvm\unittests\Option\OptionParsingTest.cpp" line="206" col="3" msg="use of undeclared identifier &apos;OPT_Slurp&apos;" />
 <error file="C:\Users\lacti\Desktop\llvm\unittests\Option\OptionParsingTest.cpp" line="207" col="3" msg="use of undeclared identifier &apos;OPT_Slurp&apos;" />
 <error file="C:\Users\lacti\Desktop\llvm\unittests\Option\OptionParsingTest.cpp" line="207" col="3" msg="type name requires a specifier or qualifier" />
 <error file="C:\Users\lacti\Desktop\llvm\unittests\Option\OptionParsingTest.cpp" line="207" col="3" msg="expected &apos;)&apos;" />
 <error file="C:\Users\lacti\Desktop\llvm\unittests\Option\OptionParsingTest.cpp" line="208" col="3" msg="use of undeclared identifier &apos;OPT_Slurp&apos;" />
 <error file="C:\Users\lacti\Desktop\llvm\unittests\Option\OptionParsingTest.cpp" line="208" col="3" msg="type name requires a specifier or qualifier" />
 <error file="C:\Users\lacti\Desktop\llvm\unittests\Option\OptionParsingTest.cpp" line="208" col="3" msg="expected &apos;)&apos;" />
 <error file="C:\Users\lacti\Desktop\llvm\unittests\Option\OptionParsingTest.cpp" line="209" col="3" msg="use of undeclared identifier &apos;OPT_Slurp&apos;" />
 <error file="C:\Users\lacti\Desktop\llvm\unittests\Option\OptionParsingTest.cpp" line="209" col="3" msg="type name requires a specifier or qualifier" />
 <error file="C:\Users\lacti\Desktop\llvm\unittests\Option\OptionParsingTest.cpp" line="209" col="3" msg="expected &apos;)&apos;" />
 <error file="C:\Users\lacti\Desktop\llvm\unittests\Option\OptionParsingTest.cpp" line="210" col="3" msg="use of undeclared identifier &apos;OPT_Slurp&apos;" />
 <error file="C:\Users\lacti\Desktop\llvm\unittests\Option\OptionParsingTest.cpp" line="210" col="3" msg="type name requires a specifier or qualifier" />
 <error file="C:\Users\lacti\Desktop\llvm\unittests\Option\OptionParsingTest.cpp" line="210" col="3" msg="expected &apos;)&apos;" />
</log>